28 2 5 9 10 11 12 13 14 16 17 18 19 20 21 22 23 25 26 27 28 75 80 83 93 96 108 114 115
171.3 113.55 57.75
0 9 0 1 95
1 0 2.7 3 7 8 15
2 0.299999 0 1 9
3 0 0 1 96
4 0 4.5 1 93
5 0 4.5 1 6
6 0 0 1 18
7 0 0 1 84
8 3 0 1 85
9 0 0 1 99
10 2.25 0 1 40
11 2.25 0 1 19
12 2.25 0 1 42
13 2.25 0 1 25
14 1.5 0 2 48 50
15 0 1.5 2 2 10
16 0 1.5 2 16 69
17 1.5 0 2 14 71
18 3 0 1 59
19 0 1.5 2 23 64
20 0 1.5 2 0 72
21 0 0 2 38 53
22 0 0 1 21
23 1.5 0 2 32 34
24 0 1.95 1 79
25 4.8 0 1 27
26 0.299999 0 2 35 56
27 0 0 1 41
28 0 0 1 44
29 1.5 0 2 37 89
30 0.299999 0 1 36
31 6.75 0 1 30
32 9 0 1 60
33 2.25 0 3 67 76 82
34 10.35 0 1 52
35 0 0 1 51
36 1.5 0 2 3 65
37 0 0 1 81
38 0 0 1 73
39 0 0 1 5
40 0 1.5 2 13 63
41 9 0 1 87
42 0 0 1 90
43 2.25 0 1 92
44 0.75 0 2 22 66
45 2.25 0 1 94
46 0.299999 0 1 49
47 0.299999 0 1 80
48 0 0 1 45
49 0 1.5 2 62 68
50 0 4.5 1 4
51 0 1.5 2 61 100
52 0 0 1 28
53 0 0 1 33
54 0 4.5 1 11
55 0 0 1 102
56 0.299999 0 1 12
57 0 1.95 1 20
58 0 1.95 1 17
59 0.299999 0 1 24
60 0.299999 0 3 26 91 103
61 0.299999 0 1 74
62 0 4.5 2 55 98
63 0 1.95 1 43
64 1.5 0 2 86 88
65 0.299999 0 1 31
66 0 4.5 1 78
67 0.299999 0 1 54
68 0 0 1 39
69 3 0 2 58 97
70 0 0 1 77
71 0 3.75 2 57 70
72 0 0 1 1
73 0 6 2 83 101
74 15.75 0 1 47
75 0.75 0 2 29 75
76 10.35 0 1 46
